13-Oct-2020 09:51:35.163 정보 [main] org.apache.catalina.startup.VersionLoggerListener.log 서버 버전 이름:        Apache Tomcat/8.5.59
13-Oct-2020 09:51:35.185 정보 [main] org.apache.catalina.startup.VersionLoggerListener.log Server 빌드 시각:          Oct 6 2020 16:57:18 UTC
13-Oct-2020 09:51:35.185 정보 [main] org.apache.catalina.startup.VersionLoggerListener.log Server 버전 번호:         8.5.59.0
13-Oct-2020 09:51:35.185 정보 [main] org.apache.catalina.startup.VersionLoggerListener.log 운영체제 이름:               Mac OS X
13-Oct-2020 09:51:35.185 정보 [main] org.apache.catalina.startup.VersionLoggerListener.log 운영체제 버전:            10.15.3
13-Oct-2020 09:51:35.185 정보 [main] org.apache.catalina.startup.VersionLoggerListener.log 아키텍처:          x86_64
13-Oct-2020 09:51:35.186 정보 [main] org.apache.catalina.startup.VersionLoggerListener.log 자바 홈:             /Library/Java/JavaVirtualMachines/jdk1.8.0_261.jdk/Contents/Home/jre
13-Oct-2020 09:51:35.186 정보 [main] org.apache.catalina.startup.VersionLoggerListener.log JVM 버전:           1.8.0_261-b12
13-Oct-2020 09:51:35.186 정보 [main] org.apache.catalina.startup.VersionLoggerListener.log JVM 벤더:            Oracle Corporation
13-Oct-2020 09:51:35.186 정보 [main] org.apache.catalina.startup.VersionLoggerListener.log CATALINA_BASE:         /Users/kangdonggeun/Desktop/workspace/Tomcat/tomcat8.5
13-Oct-2020 09:51:35.186 정보 [main] org.apache.catalina.startup.VersionLoggerListener.log CATALINA_HOME:         /Users/kangdonggeun/Desktop/workspace/Tomcat/tomcat8.5
13-Oct-2020 09:51:35.187 정보 [main] org.apache.catalina.startup.VersionLoggerListener.log 명령 행 아규먼트: -Djava.util.logging.config.file=/Users/kangdonggeun/Desktop/workspace/Tomcat/tomcat8.5/conf/logging.properties
13-Oct-2020 09:51:35.187 정보 [main] org.apache.catalina.startup.VersionLoggerListener.log 명령 행 아규먼트: -Djava.util.logging.manager=org.apache.juli.ClassLoaderLogManager
13-Oct-2020 09:51:35.187 정보 [main] org.apache.catalina.startup.VersionLoggerListener.log 명령 행 아규먼트: -Djdk.tls.ephemeralDHKeySize=2048
13-Oct-2020 09:51:35.187 정보 [main] org.apache.catalina.startup.VersionLoggerListener.log 명령 행 아규먼트: -Djava.protocol.handler.pkgs=org.apache.catalina.webresources
13-Oct-2020 09:51:35.187 정보 [main] org.apache.catalina.startup.VersionLoggerListener.log 명령 행 아규먼트: -Dorg.apache.catalina.security.SecurityListener.UMASK=0027
13-Oct-2020 09:51:35.187 정보 [main] org.apache.catalina.startup.VersionLoggerListener.log 명령 행 아규먼트: -Dignore.endorsed.dirs=
13-Oct-2020 09:51:35.187 정보 [main] org.apache.catalina.startup.VersionLoggerListener.log 명령 행 아규먼트: -Dcatalina.base=/Users/kangdonggeun/Desktop/workspace/Tomcat/tomcat8.5
13-Oct-2020 09:51:35.188 정보 [main] org.apache.catalina.startup.VersionLoggerListener.log 명령 행 아규먼트: -Dcatalina.home=/Users/kangdonggeun/Desktop/workspace/Tomcat/tomcat8.5
13-Oct-2020 09:51:35.188 정보 [main] org.apache.catalina.startup.VersionLoggerListener.log 명령 행 아규먼트: -Djava.io.tmpdir=/Users/kangdonggeun/Desktop/workspace/Tomcat/tomcat8.5/temp
13-Oct-2020 09:51:35.188 정보 [main] org.apache.catalina.core.AprLifecycleListener.lifecycleEvent 프로덕션 환경들에서 최적의 성능을 제공하는, APR 기반 Apache Tomcat Native 라이브러리가, 다음 java.library.path에서 발견되지 않습니다: [/Users/kangdonggeun/Library/Java/Extensions:/Library/Java/Extensions:/Network/Library/Java/Extensions:/System/Library/Java/Extensions:/usr/lib/java:.]
13-Oct-2020 09:51:35.574 정보 [main] org.apache.coyote.AbstractProtocol.init 프로토콜 핸들러 ["http-nio-8080"]을(를) 초기화합니다.
13-Oct-2020 09:51:35.600 정보 [main] org.apache.tomcat.util.net.NioSelectorPool.getSharedSelector Using a shared selector for servlet write/read
13-Oct-2020 09:51:35.614 정보 [main] org.apache.catalina.startup.Catalina.load Initialization processed in 1299 ms
13-Oct-2020 09:51:35.656 정보 [main] org.apache.catalina.core.StandardService.startInternal 서비스 [Catalina]을(를) 시작합니다.
13-Oct-2020 09:51:35.656 정보 [main] org.apache.catalina.core.StandardEngine.startInternal Starting Servlet Engine: Apache Tomcat/8.5.59
13-Oct-2020 09:51:35.667 정보 [localhost-startStop-1] org.apache.catalina.startup.HostConfig.deployDirectory 웹 애플리케이션 디렉토리 [/Users/kangdonggeun/Desktop/workspace/Tomcat/tomcat8.5/webapps/docs]을(를) 배치합니다.
13-Oct-2020 09:51:35.919 정보 [localhost-startStop-1] org.apache.catalina.startup.HostConfig.deployDirectory 웹 애플리케이션 디렉토리 [/Users/kangdonggeun/Desktop/workspace/Tomcat/tomcat8.5/webapps/docs]에 대한 배치가 [250] 밀리초에 완료되었습니다.
13-Oct-2020 09:51:35.922 정보 [localhost-startStop-1] org.apache.catalina.startup.HostConfig.deployDirectory 웹 애플리케이션 디렉토리 [/Users/kangdonggeun/Desktop/workspace/Tomcat/tomcat8.5/webapps/manager]을(를) 배치합니다.
13-Oct-2020 09:51:35.953 정보 [localhost-startStop-1] org.apache.catalina.startup.HostConfig.deployDirectory 웹 애플리케이션 디렉토리 [/Users/kangdonggeun/Desktop/workspace/Tomcat/tomcat8.5/webapps/manager]에 대한 배치가 [34] 밀리초에 완료되었습니다.
13-Oct-2020 09:51:35.953 정보 [localhost-startStop-1] org.apache.catalina.startup.HostConfig.deployDirectory 웹 애플리케이션 디렉토리 [/Users/kangdonggeun/Desktop/workspace/Tomcat/tomcat8.5/webapps/examples]을(를) 배치합니다.
13-Oct-2020 09:51:36.169 정보 [localhost-startStop-1] org.apache.catalina.startup.HostConfig.deployDirectory 웹 애플리케이션 디렉토리 [/Users/kangdonggeun/Desktop/workspace/Tomcat/tomcat8.5/webapps/examples]에 대한 배치가 [216] 밀리초에 완료되었습니다.
13-Oct-2020 09:51:36.169 정보 [localhost-startStop-1] org.apache.catalina.startup.HostConfig.deployDirectory 웹 애플리케이션 디렉토리 [/Users/kangdonggeun/Desktop/workspace/Tomcat/tomcat8.5/webapps/ROOT]을(를) 배치합니다.
13-Oct-2020 09:51:36.183 정보 [localhost-startStop-1] org.apache.catalina.startup.HostConfig.deployDirectory 웹 애플리케이션 디렉토리 [/Users/kangdonggeun/Desktop/workspace/Tomcat/tomcat8.5/webapps/ROOT]에 대한 배치가 [14] 밀리초에 완료되었습니다.
13-Oct-2020 09:51:36.183 정보 [localhost-startStop-1] org.apache.catalina.startup.HostConfig.deployDirectory 웹 애플리케이션 디렉토리 [/Users/kangdonggeun/Desktop/workspace/Tomcat/tomcat8.5/webapps/host-manager]을(를) 배치합니다.
13-Oct-2020 09:51:36.200 정보 [localhost-startStop-1] org.apache.catalina.startup.HostConfig.deployDirectory 웹 애플리케이션 디렉토리 [/Users/kangdonggeun/Desktop/workspace/Tomcat/tomcat8.5/webapps/host-manager]에 대한 배치가 [17] 밀리초에 완료되었습니다.
13-Oct-2020 09:51:36.202 정보 [main] org.apache.coyote.AbstractProtocol.start 프로토콜 핸들러 ["http-nio-8080"]을(를) 시작합니다.
13-Oct-2020 09:51:36.209 정보 [main] org.apache.catalina.startup.Catalina.start Server startup in 595 ms
13-Oct-2020 09:51:50.055 정보 [main] org.apache.catalina.core.StandardServer.await 셧다운 포트를 통해 유효한 셧다운 명령을 받았습니다. 서버 인스턴스를 중지시킵니다.
13-Oct-2020 09:51:50.055 정보 [main] org.apache.coyote.AbstractProtocol.pause 프로토콜 핸들러 ["http-nio-8080"]을(를) 일시 정지 중
13-Oct-2020 09:51:50.066 정보 [main] org.apache.catalina.core.StandardService.stopInternal 서비스 [Catalina]을(를) 중지시킵니다.
13-Oct-2020 09:51:50.088 정보 [main] org.apache.coyote.AbstractProtocol.stop 프로토콜 핸들러 ["http-nio-8080"]을(를) 중지시킵니다.
13-Oct-2020 09:51:50.090 정보 [main] org.apache.coyote.AbstractProtocol.destroy 프로토콜 핸들러 ["http-nio-8080"]을(를) 소멸시킵니다.
13-Oct-2020 11:12:36.250 정보 [main] org.apache.catalina.startup.VersionLoggerListener.log 서버 버전 이름:        Apache Tomcat/8.5.59
13-Oct-2020 11:12:36.253 정보 [main] org.apache.catalina.startup.VersionLoggerListener.log Server 빌드 시각:          Oct 6 2020 16:57:18 UTC
13-Oct-2020 11:12:36.253 정보 [main] org.apache.catalina.startup.VersionLoggerListener.log Server 버전 번호:         8.5.59.0
13-Oct-2020 11:12:36.253 정보 [main] org.apache.catalina.startup.VersionLoggerListener.log 운영체제 이름:               Mac OS X
13-Oct-2020 11:12:36.253 정보 [main] org.apache.catalina.startup.VersionLoggerListener.log 운영체제 버전:            10.15.3
13-Oct-2020 11:12:36.253 정보 [main] org.apache.catalina.startup.VersionLoggerListener.log 아키텍처:          x86_64
13-Oct-2020 11:12:36.253 정보 [main] org.apache.catalina.startup.VersionLoggerListener.log 자바 홈:             /Library/Java/JavaVirtualMachines/jdk1.8.0_261.jdk/Contents/Home/jre
13-Oct-2020 11:12:36.253 정보 [main] org.apache.catalina.startup.VersionLoggerListener.log JVM 버전:           1.8.0_261-b12
13-Oct-2020 11:12:36.253 정보 [main] org.apache.catalina.startup.VersionLoggerListener.log JVM 벤더:            Oracle Corporation
13-Oct-2020 11:12:36.254 정보 [main] org.apache.catalina.startup.VersionLoggerListener.log CATALINA_BASE:         /Users/kangdonggeun/Desktop/workspace/Tomcat/tomcat8.5
13-Oct-2020 11:12:36.256 정보 [main] org.apache.catalina.startup.VersionLoggerListener.log CATALINA_HOME:         /Users/kangdonggeun/Desktop/workspace/Tomcat/tomcat8.5
13-Oct-2020 11:12:36.257 정보 [main] org.apache.catalina.startup.VersionLoggerListener.log 명령 행 아규먼트: -Djava.util.logging.config.file=/Users/kangdonggeun/Desktop/workspace/Tomcat/tomcat8.5/conf/logging.properties
13-Oct-2020 11:12:36.257 정보 [main] org.apache.catalina.startup.VersionLoggerListener.log 명령 행 아규먼트: -Djava.util.logging.manager=org.apache.juli.ClassLoaderLogManager
13-Oct-2020 11:12:36.257 정보 [main] org.apache.catalina.startup.VersionLoggerListener.log 명령 행 아규먼트: -Djdk.tls.ephemeralDHKeySize=2048
13-Oct-2020 11:12:36.257 정보 [main] org.apache.catalina.startup.VersionLoggerListener.log 명령 행 아규먼트: -Djava.protocol.handler.pkgs=org.apache.catalina.webresources
13-Oct-2020 11:12:36.258 정보 [main] org.apache.catalina.startup.VersionLoggerListener.log 명령 행 아규먼트: -Dorg.apache.catalina.security.SecurityListener.UMASK=0027
13-Oct-2020 11:12:36.258 정보 [main] org.apache.catalina.startup.VersionLoggerListener.log 명령 행 아규먼트: -Dignore.endorsed.dirs=
13-Oct-2020 11:12:36.258 정보 [main] org.apache.catalina.startup.VersionLoggerListener.log 명령 행 아규먼트: -Dcatalina.base=/Users/kangdonggeun/Desktop/workspace/Tomcat/tomcat8.5
13-Oct-2020 11:12:36.258 정보 [main] org.apache.catalina.startup.VersionLoggerListener.log 명령 행 아규먼트: -Dcatalina.home=/Users/kangdonggeun/Desktop/workspace/Tomcat/tomcat8.5
13-Oct-2020 11:12:36.258 정보 [main] org.apache.catalina.startup.VersionLoggerListener.log 명령 행 아규먼트: -Djava.io.tmpdir=/Users/kangdonggeun/Desktop/workspace/Tomcat/tomcat8.5/temp
13-Oct-2020 11:12:36.258 정보 [main] org.apache.catalina.core.AprLifecycleListener.lifecycleEvent 프로덕션 환경들에서 최적의 성능을 제공하는, APR 기반 Apache Tomcat Native 라이브러리가, 다음 java.library.path에서 발견되지 않습니다: [/Users/kangdonggeun/Library/Java/Extensions:/Library/Java/Extensions:/Network/Library/Java/Extensions:/System/Library/Java/Extensions:/usr/lib/java:.]
13-Oct-2020 11:12:36.400 정보 [main] org.apache.coyote.AbstractProtocol.init 프로토콜 핸들러 ["http-nio-8080"]을(를) 초기화합니다.
13-Oct-2020 11:12:36.418 정보 [main] org.apache.tomcat.util.net.NioSelectorPool.getSharedSelector Using a shared selector for servlet write/read
13-Oct-2020 11:12:36.432 정보 [main] org.apache.catalina.startup.Catalina.load Initialization processed in 690 ms
13-Oct-2020 11:12:36.469 정보 [main] org.apache.catalina.core.StandardService.startInternal 서비스 [Catalina]을(를) 시작합니다.
13-Oct-2020 11:12:36.469 정보 [main] org.apache.catalina.core.StandardEngine.startInternal Starting Servlet Engine: Apache Tomcat/8.5.59
13-Oct-2020 11:12:36.478 정보 [localhost-startStop-1] org.apache.catalina.startup.HostConfig.deployDirectory 웹 애플리케이션 디렉토리 [/Users/kangdonggeun/Desktop/workspace/Tomcat/tomcat8.5/webapps/docs]을(를) 배치합니다.
13-Oct-2020 11:12:36.723 정보 [localhost-startStop-1] org.apache.catalina.startup.HostConfig.deployDirectory 웹 애플리케이션 디렉토리 [/Users/kangdonggeun/Desktop/workspace/Tomcat/tomcat8.5/webapps/docs]에 대한 배치가 [245] 밀리초에 완료되었습니다.
13-Oct-2020 11:12:36.723 정보 [localhost-startStop-1] org.apache.catalina.startup.HostConfig.deployDirectory 웹 애플리케이션 디렉토리 [/Users/kangdonggeun/Desktop/workspace/Tomcat/tomcat8.5/webapps/manager]을(를) 배치합니다.
13-Oct-2020 11:12:36.750 정보 [localhost-startStop-1] org.apache.catalina.startup.HostConfig.deployDirectory 웹 애플리케이션 디렉토리 [/Users/kangdonggeun/Desktop/workspace/Tomcat/tomcat8.5/webapps/manager]에 대한 배치가 [27] 밀리초에 완료되었습니다.
13-Oct-2020 11:12:36.751 정보 [localhost-startStop-1] org.apache.catalina.startup.HostConfig.deployDirectory 웹 애플리케이션 디렉토리 [/Users/kangdonggeun/Desktop/workspace/Tomcat/tomcat8.5/webapps/examples]을(를) 배치합니다.
13-Oct-2020 11:12:37.006 정보 [localhost-startStop-1] org.apache.catalina.startup.HostConfig.deployDirectory 웹 애플리케이션 디렉토리 [/Users/kangdonggeun/Desktop/workspace/Tomcat/tomcat8.5/webapps/examples]에 대한 배치가 [255] 밀리초에 완료되었습니다.
13-Oct-2020 11:12:37.007 정보 [localhost-startStop-1] org.apache.catalina.startup.HostConfig.deployDirectory 웹 애플리케이션 디렉토리 [/Users/kangdonggeun/Desktop/workspace/Tomcat/tomcat8.5/webapps/ROOT]을(를) 배치합니다.
13-Oct-2020 11:12:37.018 정보 [localhost-startStop-1] org.apache.catalina.startup.HostConfig.deployDirectory 웹 애플리케이션 디렉토리 [/Users/kangdonggeun/Desktop/workspace/Tomcat/tomcat8.5/webapps/ROOT]에 대한 배치가 [12] 밀리초에 완료되었습니다.
13-Oct-2020 11:12:37.018 정보 [localhost-startStop-1] org.apache.catalina.startup.HostConfig.deployDirectory 웹 애플리케이션 디렉토리 [/Users/kangdonggeun/Desktop/workspace/Tomcat/tomcat8.5/webapps/host-manager]을(를) 배치합니다.
13-Oct-2020 11:12:37.033 정보 [localhost-startStop-1] org.apache.catalina.startup.HostConfig.deployDirectory 웹 애플리케이션 디렉토리 [/Users/kangdonggeun/Desktop/workspace/Tomcat/tomcat8.5/webapps/host-manager]에 대한 배치가 [15] 밀리초에 완료되었습니다.
13-Oct-2020 11:12:37.035 정보 [main] org.apache.coyote.AbstractProtocol.start 프로토콜 핸들러 ["http-nio-8080"]을(를) 시작합니다.
13-Oct-2020 11:12:37.044 정보 [main] org.apache.catalina.startup.Catalina.start Server startup in 611 ms
13-Oct-2020 11:12:39.732 정보 [main] org.apache.catalina.startup.VersionLoggerListener.log 서버 버전 이름:        Apache Tomcat/8.5.59
13-Oct-2020 11:12:39.735 정보 [main] org.apache.catalina.startup.VersionLoggerListener.log Server 빌드 시각:          Oct 6 2020 16:57:18 UTC
13-Oct-2020 11:12:39.735 정보 [main] org.apache.catalina.startup.VersionLoggerListener.log Server 버전 번호:         8.5.59.0
13-Oct-2020 11:12:39.735 정보 [main] org.apache.catalina.startup.VersionLoggerListener.log 운영체제 이름:               Mac OS X
13-Oct-2020 11:12:39.735 정보 [main] org.apache.catalina.startup.VersionLoggerListener.log 운영체제 버전:            10.15.3
13-Oct-2020 11:12:39.735 정보 [main] org.apache.catalina.startup.VersionLoggerListener.log 아키텍처:          x86_64
13-Oct-2020 11:12:39.735 정보 [main] org.apache.catalina.startup.VersionLoggerListener.log 자바 홈:             /Library/Java/JavaVirtualMachines/jdk1.8.0_261.jdk/Contents/Home/jre
13-Oct-2020 11:12:39.736 정보 [main] org.apache.catalina.startup.VersionLoggerListener.log JVM 버전:           1.8.0_261-b12
13-Oct-2020 11:12:39.736 정보 [main] org.apache.catalina.startup.VersionLoggerListener.log JVM 벤더:            Oracle Corporation
13-Oct-2020 11:12:39.736 정보 [main] org.apache.catalina.startup.VersionLoggerListener.log CATALINA_BASE:         /Users/kangdonggeun/Desktop/workspace/Tomcat/tomcat8.5
13-Oct-2020 11:12:39.736 정보 [main] org.apache.catalina.startup.VersionLoggerListener.log CATALINA_HOME:         /Users/kangdonggeun/Desktop/workspace/Tomcat/tomcat8.5
13-Oct-2020 11:12:39.737 정보 [main] org.apache.catalina.startup.VersionLoggerListener.log 명령 행 아규먼트: -Djava.util.logging.config.file=/Users/kangdonggeun/Desktop/workspace/Tomcat/tomcat8.5/conf/logging.properties
13-Oct-2020 11:12:39.737 정보 [main] org.apache.catalina.startup.VersionLoggerListener.log 명령 행 아규먼트: -Djava.util.logging.manager=org.apache.juli.ClassLoaderLogManager
13-Oct-2020 11:12:39.737 정보 [main] org.apache.catalina.startup.VersionLoggerListener.log 명령 행 아규먼트: -Djdk.tls.ephemeralDHKeySize=2048
13-Oct-2020 11:12:39.737 정보 [main] org.apache.catalina.startup.VersionLoggerListener.log 명령 행 아규먼트: -Djava.protocol.handler.pkgs=org.apache.catalina.webresources
13-Oct-2020 11:12:39.737 정보 [main] org.apache.catalina.startup.VersionLoggerListener.log 명령 행 아규먼트: -Dorg.apache.catalina.security.SecurityListener.UMASK=0027
13-Oct-2020 11:12:39.737 정보 [main] org.apache.catalina.startup.VersionLoggerListener.log 명령 행 아규먼트: -Dignore.endorsed.dirs=
13-Oct-2020 11:12:39.737 정보 [main] org.apache.catalina.startup.VersionLoggerListener.log 명령 행 아규먼트: -Dcatalina.base=/Users/kangdonggeun/Desktop/workspace/Tomcat/tomcat8.5
13-Oct-2020 11:12:39.737 정보 [main] org.apache.catalina.startup.VersionLoggerListener.log 명령 행 아규먼트: -Dcatalina.home=/Users/kangdonggeun/Desktop/workspace/Tomcat/tomcat8.5
13-Oct-2020 11:12:39.738 정보 [main] org.apache.catalina.startup.VersionLoggerListener.log 명령 행 아규먼트: -Djava.io.tmpdir=/Users/kangdonggeun/Desktop/workspace/Tomcat/tomcat8.5/temp
13-Oct-2020 11:12:39.738 정보 [main] org.apache.catalina.core.AprLifecycleListener.lifecycleEvent 프로덕션 환경들에서 최적의 성능을 제공하는, APR 기반 Apache Tomcat Native 라이브러리가, 다음 java.library.path에서 발견되지 않습니다: [/Users/kangdonggeun/Library/Java/Extensions:/Library/Java/Extensions:/Network/Library/Java/Extensions:/System/Library/Java/Extensions:/usr/lib/java:.]
13-Oct-2020 11:12:39.871 정보 [main] org.apache.coyote.AbstractProtocol.init 프로토콜 핸들러 ["http-nio-8080"]을(를) 초기화합니다.
13-Oct-2020 11:12:39.884 심각 [main] org.apache.catalina.core.StandardService.initInternal Failed to initialize connector [Connector[HTTP/1.1-8080]]
	org.apache.catalina.LifecycleException: 프로토콜 핸들러 초기화가 실패했습니다.
		at org.apache.catalina.connector.Connector.initInternal(Connector.java:1077)
		at org.apache.catalina.util.LifecycleBase.init(LifecycleBase.java:136)
		at org.apache.catalina.core.StandardService.initInternal(StandardService.java:552)
		at org.apache.catalina.util.LifecycleBase.init(LifecycleBase.java:136)
		at org.apache.catalina.core.StandardServer.initInternal(StandardServer.java:848)
		at org.apache.catalina.util.LifecycleBase.init(LifecycleBase.java:136)
		at org.apache.catalina.startup.Catalina.load(Catalina.java:639)
		at org.apache.catalina.startup.Catalina.load(Catalina.java:662)
		at sun.reflect.NativeMethodAccessorImpl.invoke0(Native Method)
		at sun.reflect.NativeMethodAccessorImpl.invoke(NativeMethodAccessorImpl.java:62)
		at sun.reflect.DelegatingMethodAccessorImpl.invoke(DelegatingMethodAccessorImpl.java:43)
		at java.lang.reflect.Method.invoke(Method.java:498)
		at org.apache.catalina.startup.Bootstrap.load(Bootstrap.java:302)
		at org.apache.catalina.startup.Bootstrap.main(Bootstrap.java:472)
	Caused by: java.net.BindException: Address already in use
		at sun.nio.ch.Net.bind0(Native Method)
		at sun.nio.ch.Net.bind(Net.java:444)
		at sun.nio.ch.Net.bind(Net.java:436)
		at sun.nio.ch.ServerSocketChannelImpl.bind(ServerSocketChannelImpl.java:225)
		at sun.nio.ch.ServerSocketAdaptor.bind(ServerSocketAdaptor.java:74)
		at org.apache.tomcat.util.net.NioEndpoint.bind(NioEndpoint.java:221)
		at org.apache.tomcat.util.net.AbstractEndpoint.init(AbstractEndpoint.java:1118)
		at org.apache.tomcat.util.net.AbstractJsseEndpoint.init(AbstractJsseEndpoint.java:222)
		at org.apache.coyote.AbstractProtocol.init(AbstractProtocol.java:587)
		at org.apache.coyote.http11.AbstractHttp11Protocol.init(AbstractHttp11Protocol.java:75)
		at org.apache.catalina.connector.Connector.initInternal(Connector.java:1075)
		... 13 more
13-Oct-2020 11:12:39.885 정보 [main] org.apache.catalina.startup.Catalina.load Initialization processed in 584 ms
13-Oct-2020 11:12:39.910 정보 [main] org.apache.catalina.core.StandardService.startInternal 서비스 [Catalina]을(를) 시작합니다.
13-Oct-2020 11:12:39.910 정보 [main] org.apache.catalina.core.StandardEngine.startInternal Starting Servlet Engine: Apache Tomcat/8.5.59
13-Oct-2020 11:12:39.928 정보 [localhost-startStop-1] org.apache.catalina.startup.HostConfig.deployDirectory 웹 애플리케이션 디렉토리 [/Users/kangdonggeun/Desktop/workspace/Tomcat/tomcat8.5/webapps/docs]을(를) 배치합니다.
13-Oct-2020 11:12:40.130 정보 [localhost-startStop-1] org.apache.catalina.startup.HostConfig.deployDirectory 웹 애플리케이션 디렉토리 [/Users/kangdonggeun/Desktop/workspace/Tomcat/tomcat8.5/webapps/docs]에 대한 배치가 [211] 밀리초에 완료되었습니다.
13-Oct-2020 11:12:40.130 정보 [localhost-startStop-1] org.apache.catalina.startup.HostConfig.deployDirectory 웹 애플리케이션 디렉토리 [/Users/kangdonggeun/Desktop/workspace/Tomcat/tomcat8.5/webapps/manager]을(를) 배치합니다.
13-Oct-2020 11:12:40.162 정보 [localhost-startStop-1] org.apache.catalina.startup.HostConfig.deployDirectory 웹 애플리케이션 디렉토리 [/Users/kangdonggeun/Desktop/workspace/Tomcat/tomcat8.5/webapps/manager]에 대한 배치가 [32] 밀리초에 완료되었습니다.
13-Oct-2020 11:12:40.162 정보 [localhost-startStop-1] org.apache.catalina.startup.HostConfig.deployDirectory 웹 애플리케이션 디렉토리 [/Users/kangdonggeun/Desktop/workspace/Tomcat/tomcat8.5/webapps/examples]을(를) 배치합니다.
13-Oct-2020 11:12:40.382 정보 [localhost-startStop-1] org.apache.catalina.startup.HostConfig.deployDirectory 웹 애플리케이션 디렉토리 [/Users/kangdonggeun/Desktop/workspace/Tomcat/tomcat8.5/webapps/examples]에 대한 배치가 [220] 밀리초에 완료되었습니다.
13-Oct-2020 11:12:40.382 정보 [localhost-startStop-1] org.apache.catalina.startup.HostConfig.deployDirectory 웹 애플리케이션 디렉토리 [/Users/kangdonggeun/Desktop/workspace/Tomcat/tomcat8.5/webapps/ROOT]을(를) 배치합니다.
13-Oct-2020 11:12:40.396 정보 [localhost-startStop-1] org.apache.catalina.startup.HostConfig.deployDirectory 웹 애플리케이션 디렉토리 [/Users/kangdonggeun/Desktop/workspace/Tomcat/tomcat8.5/webapps/ROOT]에 대한 배치가 [14] 밀리초에 완료되었습니다.
13-Oct-2020 11:12:40.396 정보 [localhost-startStop-1] org.apache.catalina.startup.HostConfig.deployDirectory 웹 애플리케이션 디렉토리 [/Users/kangdonggeun/Desktop/workspace/Tomcat/tomcat8.5/webapps/host-manager]을(를) 배치합니다.
13-Oct-2020 11:12:40.412 정보 [localhost-startStop-1] org.apache.catalina.startup.HostConfig.deployDirectory 웹 애플리케이션 디렉토리 [/Users/kangdonggeun/Desktop/workspace/Tomcat/tomcat8.5/webapps/host-manager]에 대한 배치가 [16] 밀리초에 완료되었습니다.
13-Oct-2020 11:12:40.415 정보 [main] org.apache.catalina.startup.Catalina.start Server startup in 529 ms
13-Oct-2020 11:12:40.418 심각 [main] org.apache.catalina.core.StandardServer.await StandardServer.await: create[localhost:8005]: 
	java.net.BindException: Address already in use (Bind failed)
		at java.net.PlainSocketImpl.socketBind(Native Method)
		at java.net.AbstractPlainSocketImpl.bind(AbstractPlainSocketImpl.java:513)
		at java.net.ServerSocket.bind(ServerSocket.java:375)
		at java.net.ServerSocket.<init>(ServerSocket.java:237)
		at org.apache.catalina.core.StandardServer.await(StandardServer.java:421)
		at org.apache.catalina.startup.Catalina.await(Catalina.java:776)
		at org.apache.catalina.startup.Catalina.start(Catalina.java:722)
		at sun.reflect.NativeMethodAccessorImpl.invoke0(Native Method)
		at sun.reflect.NativeMethodAccessorImpl.invoke(NativeMethodAccessorImpl.java:62)
		at sun.reflect.DelegatingMethodAccessorImpl.invoke(DelegatingMethodAccessorImpl.java:43)
		at java.lang.reflect.Method.invoke(Method.java:498)
		at org.apache.catalina.startup.Bootstrap.start(Bootstrap.java:342)
		at org.apache.catalina.startup.Bootstrap.main(Bootstrap.java:473)
13-Oct-2020 11:12:40.419 정보 [main] org.apache.coyote.AbstractProtocol.pause 프로토콜 핸들러 ["http-nio-8080"]을(를) 일시 정지 중
13-Oct-2020 11:12:40.419 정보 [main] org.apache.catalina.core.StandardService.stopInternal 서비스 [Catalina]을(를) 중지시킵니다.
13-Oct-2020 11:12:40.435 정보 [main] org.apache.coyote.AbstractProtocol.stop 프로토콜 핸들러 ["http-nio-8080"]을(를) 중지시킵니다.
13-Oct-2020 11:12:40.435 정보 [main] org.apache.coyote.AbstractProtocol.destroy 프로토콜 핸들러 ["http-nio-8080"]을(를) 소멸시킵니다.
13-Oct-2020 11:13:23.072 정보 [main] org.apache.catalina.core.StandardServer.await 셧다운 포트를 통해 유효한 셧다운 명령을 받았습니다. 서버 인스턴스를 중지시킵니다.
13-Oct-2020 11:13:23.073 정보 [main] org.apache.coyote.AbstractProtocol.pause 프로토콜 핸들러 ["http-nio-8080"]을(를) 일시 정지 중
13-Oct-2020 11:13:23.083 정보 [main] org.apache.catalina.core.StandardService.stopInternal 서비스 [Catalina]을(를) 중지시킵니다.
13-Oct-2020 11:13:23.102 정보 [main] org.apache.coyote.AbstractProtocol.stop 프로토콜 핸들러 ["http-nio-8080"]을(를) 중지시킵니다.
13-Oct-2020 11:13:23.104 정보 [main] org.apache.coyote.AbstractProtocol.destroy 프로토콜 핸들러 ["http-nio-8080"]을(를) 소멸시킵니다.
13-Oct-2020 12:41:44.454 정보 [main] org.apache.catalina.startup.VersionLoggerListener.log 서버 버전 이름:        Apache Tomcat/8.5.59
13-Oct-2020 12:41:44.458 정보 [main] org.apache.catalina.startup.VersionLoggerListener.log Server 빌드 시각:          Oct 6 2020 16:57:18 UTC
13-Oct-2020 12:41:44.459 정보 [main] org.apache.catalina.startup.VersionLoggerListener.log Server 버전 번호:         8.5.59.0
13-Oct-2020 12:41:44.459 정보 [main] org.apache.catalina.startup.VersionLoggerListener.log 운영체제 이름:               Mac OS X
13-Oct-2020 12:41:44.459 정보 [main] org.apache.catalina.startup.VersionLoggerListener.log 운영체제 버전:            10.15.3
13-Oct-2020 12:41:44.459 정보 [main] org.apache.catalina.startup.VersionLoggerListener.log 아키텍처:          x86_64
13-Oct-2020 12:41:44.459 정보 [main] org.apache.catalina.startup.VersionLoggerListener.log 자바 홈:             /Library/Java/JavaVirtualMachines/jdk1.8.0_261.jdk/Contents/Home/jre
13-Oct-2020 12:41:44.459 정보 [main] org.apache.catalina.startup.VersionLoggerListener.log JVM 버전:           1.8.0_261-b12
13-Oct-2020 12:41:44.460 정보 [main] org.apache.catalina.startup.VersionLoggerListener.log JVM 벤더:            Oracle Corporation
13-Oct-2020 12:41:44.460 정보 [main] org.apache.catalina.startup.VersionLoggerListener.log CATALINA_BASE:         /Users/kangdonggeun/Desktop/workspace/Tomcat/tomcat8.5
13-Oct-2020 12:41:44.460 정보 [main] org.apache.catalina.startup.VersionLoggerListener.log CATALINA_HOME:         /Users/kangdonggeun/Desktop/workspace/Tomcat/tomcat8.5
13-Oct-2020 12:41:44.460 정보 [main] org.apache.catalina.startup.VersionLoggerListener.log 명령 행 아규먼트: -Djava.util.logging.config.file=/Users/kangdonggeun/Desktop/workspace/Tomcat/tomcat8.5/conf/logging.properties
13-Oct-2020 12:41:44.461 정보 [main] org.apache.catalina.startup.VersionLoggerListener.log 명령 행 아규먼트: -Djava.util.logging.manager=org.apache.juli.ClassLoaderLogManager
13-Oct-2020 12:41:44.461 정보 [main] org.apache.catalina.startup.VersionLoggerListener.log 명령 행 아규먼트: -Djdk.tls.ephemeralDHKeySize=2048
13-Oct-2020 12:41:44.461 정보 [main] org.apache.catalina.startup.VersionLoggerListener.log 명령 행 아규먼트: -Djava.protocol.handler.pkgs=org.apache.catalina.webresources
13-Oct-2020 12:41:44.461 정보 [main] org.apache.catalina.startup.VersionLoggerListener.log 명령 행 아규먼트: -Dorg.apache.catalina.security.SecurityListener.UMASK=0027
13-Oct-2020 12:41:44.461 정보 [main] org.apache.catalina.startup.VersionLoggerListener.log 명령 행 아규먼트: -Dignore.endorsed.dirs=
13-Oct-2020 12:41:44.461 정보 [main] org.apache.catalina.startup.VersionLoggerListener.log 명령 행 아규먼트: -Dcatalina.base=/Users/kangdonggeun/Desktop/workspace/Tomcat/tomcat8.5
13-Oct-2020 12:41:44.461 정보 [main] org.apache.catalina.startup.VersionLoggerListener.log 명령 행 아규먼트: -Dcatalina.home=/Users/kangdonggeun/Desktop/workspace/Tomcat/tomcat8.5
13-Oct-2020 12:41:44.461 정보 [main] org.apache.catalina.startup.VersionLoggerListener.log 명령 행 아규먼트: -Djava.io.tmpdir=/Users/kangdonggeun/Desktop/workspace/Tomcat/tomcat8.5/temp
13-Oct-2020 12:41:44.461 정보 [main] org.apache.catalina.core.AprLifecycleListener.lifecycleEvent 프로덕션 환경들에서 최적의 성능을 제공하는, APR 기반 Apache Tomcat Native 라이브러리가, 다음 java.library.path에서 발견되지 않습니다: [/Users/kangdonggeun/Library/Java/Extensions:/Library/Java/Extensions:/Network/Library/Java/Extensions:/System/Library/Java/Extensions:/usr/lib/java:.]
13-Oct-2020 12:41:44.636 정보 [main] org.apache.coyote.AbstractProtocol.init 프로토콜 핸들러 ["http-nio-8080"]을(를) 초기화합니다.
13-Oct-2020 12:41:44.662 정보 [main] org.apache.tomcat.util.net.NioSelectorPool.getSharedSelector Using a shared selector for servlet write/read
13-Oct-2020 12:41:44.676 정보 [main] org.apache.catalina.startup.Catalina.load Initialization processed in 873 ms
13-Oct-2020 12:41:44.727 정보 [main] org.apache.catalina.core.StandardService.startInternal 서비스 [Catalina]을(를) 시작합니다.
13-Oct-2020 12:41:44.727 정보 [main] org.apache.catalina.core.StandardEngine.startInternal Starting Servlet Engine: Apache Tomcat/8.5.59
13-Oct-2020 12:41:44.736 정보 [localhost-startStop-1] org.apache.catalina.startup.HostConfig.deployDirectory 웹 애플리케이션 디렉토리 [/Users/kangdonggeun/Desktop/workspace/Tomcat/tomcat8.5/webapps/docs]을(를) 배치합니다.
13-Oct-2020 12:41:44.999 정보 [localhost-startStop-1] org.apache.catalina.startup.HostConfig.deployDirectory 웹 애플리케이션 디렉토리 [/Users/kangdonggeun/Desktop/workspace/Tomcat/tomcat8.5/webapps/docs]에 대한 배치가 [262] 밀리초에 완료되었습니다.
13-Oct-2020 12:41:44.999 정보 [localhost-startStop-1] org.apache.catalina.startup.HostConfig.deployDirectory 웹 애플리케이션 디렉토리 [/Users/kangdonggeun/Desktop/workspace/Tomcat/tomcat8.5/webapps/manager]을(를) 배치합니다.
13-Oct-2020 12:41:45.039 정보 [localhost-startStop-1] org.apache.catalina.startup.HostConfig.deployDirectory 웹 애플리케이션 디렉토리 [/Users/kangdonggeun/Desktop/workspace/Tomcat/tomcat8.5/webapps/manager]에 대한 배치가 [40] 밀리초에 완료되었습니다.
13-Oct-2020 12:41:45.039 정보 [localhost-startStop-1] org.apache.catalina.startup.HostConfig.deployDirectory 웹 애플리케이션 디렉토리 [/Users/kangdonggeun/Desktop/workspace/Tomcat/tomcat8.5/webapps/examples]을(를) 배치합니다.
13-Oct-2020 12:41:45.313 정보 [localhost-startStop-1] org.apache.catalina.startup.HostConfig.deployDirectory 웹 애플리케이션 디렉토리 [/Users/kangdonggeun/Desktop/workspace/Tomcat/tomcat8.5/webapps/examples]에 대한 배치가 [274] 밀리초에 완료되었습니다.
13-Oct-2020 12:41:45.313 정보 [localhost-startStop-1] org.apache.catalina.startup.HostConfig.deployDirectory 웹 애플리케이션 디렉토리 [/Users/kangdonggeun/Desktop/workspace/Tomcat/tomcat8.5/webapps/ROOT]을(를) 배치합니다.
13-Oct-2020 12:41:45.328 정보 [localhost-startStop-1] org.apache.catalina.startup.HostConfig.deployDirectory 웹 애플리케이션 디렉토리 [/Users/kangdonggeun/Desktop/workspace/Tomcat/tomcat8.5/webapps/ROOT]에 대한 배치가 [15] 밀리초에 완료되었습니다.
13-Oct-2020 12:41:45.328 정보 [localhost-startStop-1] org.apache.catalina.startup.HostConfig.deployDirectory 웹 애플리케이션 디렉토리 [/Users/kangdonggeun/Desktop/workspace/Tomcat/tomcat8.5/webapps/host-manager]을(를) 배치합니다.
13-Oct-2020 12:41:45.349 정보 [localhost-startStop-1] org.apache.catalina.startup.HostConfig.deployDirectory 웹 애플리케이션 디렉토리 [/Users/kangdonggeun/Desktop/workspace/Tomcat/tomcat8.5/webapps/host-manager]에 대한 배치가 [21] 밀리초에 완료되었습니다.
13-Oct-2020 12:41:45.352 정보 [main] org.apache.coyote.AbstractProtocol.start 프로토콜 핸들러 ["http-nio-8080"]을(를) 시작합니다.
13-Oct-2020 12:41:45.360 정보 [main] org.apache.catalina.startup.Catalina.start Server startup in 683 ms
13-Oct-2020 12:43:29.177 정보 [main] org.apache.catalina.core.StandardServer.await 셧다운 포트를 통해 유효한 셧다운 명령을 받았습니다. 서버 인스턴스를 중지시킵니다.
13-Oct-2020 12:43:29.178 정보 [main] org.apache.coyote.AbstractProtocol.pause 프로토콜 핸들러 ["http-nio-8080"]을(를) 일시 정지 중
13-Oct-2020 12:43:29.188 정보 [main] org.apache.catalina.core.StandardService.stopInternal 서비스 [Catalina]을(를) 중지시킵니다.
13-Oct-2020 12:43:29.207 정보 [main] org.apache.coyote.AbstractProtocol.stop 프로토콜 핸들러 ["http-nio-8080"]을(를) 중지시킵니다.
13-Oct-2020 12:43:29.209 정보 [main] org.apache.coyote.AbstractProtocol.destroy 프로토콜 핸들러 ["http-nio-8080"]을(를) 소멸시킵니다.
